<?xml version="1.0" encoding="UTF-8"?>
<testsuite xmlns:xsi="http://www.w3.org/2001/XMLSchema-instance" xsi:noNamespaceSchemaLocation="https://maven.apache.org/surefire/maven-surefire-plugin/xsd/surefire-test-report-3.0.xsd" version="3.0" name="com.nva.ProductService.ProductServiceApplicationTests" time="12.145" tests="1" errors="0" skipped="0" failures="0">
  <properties>
[...]
</properties>
  <testcase name="contextLoads" classname="com.nva.ProductService.ProductServiceApplicationTests" time="1.568">
    <system-out><![CDATA[18:28:36.155 [main] INFO org.springframework.test.context.support.AnnotationConfigContextLoaderUtils -- Could not detect default configuration classes for test class [com.nva.ProductService.ProductServiceApplicationTests]: ProductServiceApplicationTests does not declare any static, non-private, non-final, nested classes annotated with @Configuration.
18:28:36.326 [main] INFO org.springframework.boot.test.context.SpringBootTestContextBootstrapper -- Found @SpringBootConfiguration com.nva.ProductService.ProductServiceApplication for test class com.nva.ProductService.ProductServiceApplicationTests
18:28:36.581 [main] INFO org.testcontainers.images.PullPolicy -- Image pull policy will be performed by: DefaultPullPolicy()
18:28:36.587 [main] INFO org.testcontainers.utility.ImageNameSubstitutor -- Image name substitution will be performed by: DefaultImageNameSubstitutor (composite of 'ConfigurationFileImageNameSubstitutor' and 'PrefixingImageNameSubstitutor')
18:28:36.895 [main] INFO org.testcontainers.dockerclient.DockerClientProviderStrategy -- Loaded org.testcontainers.dockerclient.NpipeSocketClientProviderStrategy from ~/.testcontainers.properties, will try it first
18:28:37.386 [main] INFO org.testcontainers.dockerclient.DockerClientProviderStrategy -- Found Docker environment with local Npipe socket (npipe:////./pipe/docker_engine)
18:28:37.387 [main] INFO org.testcontainers.DockerClientFactory -- Docker host IP address is localhost
18:28:37.416 [main] INFO org.testcontainers.DockerClientFactory -- Connected to docker: 
  Server Version: 24.0.7
  API Version: 1.43
  Operating System: Docker Desktop
  Total Memory: 965 MB
18:28:37.455 [main] INFO tc.testcontainers/ryuk:0.6.0 -- Creating container for image: testcontainers/ryuk:0.6.0
18:28:38.012 [main] INFO org.testcontainers.utility.RegistryAuthLocator -- Credential helper/store (docker-credential-desktop) does not have credentials for https://index.docker.io/v1/
18:28:38.239 [main] INFO tc.testcontainers/ryuk:0.6.0 -- Container testcontainers/ryuk:0.6.0 is starting: 728d0f5ae369e265521a1324a8c975651b7a863a1e9b7dd846e7fa68e5c60974
18:28:39.331 [main] INFO tc.testcontainers/ryuk:0.6.0 -- Container testcontainers/ryuk:0.6.0 started in PT1.8748929S
18:28:39.374 [main] INFO org.testcontainers.utility.RyukResourceReaper -- Ryuk started - will monitor and terminate Testcontainers containers on JVM exit
18:28:39.375 [main] INFO org.testcontainers.DockerClientFactory -- Checking the system...
18:28:39.376 [main] INFO org.testcontainers.DockerClientFactory -- ?? Docker server version should be at least 1.6.0
18:28:39.377 [main] INFO tc.mongo:7.0.8 -- Creating container for image: mongo:7.0.8
18:28:39.512 [main] INFO tc.mongo:7.0.8 -- Container mongo:7.0.8 is starting: 3b6b7f315d821b19d4f760e741102a5a29b58bd66874d07b7ef926bcd11d586b
18:28:40.721 [main] INFO tc.mongo:7.0.8 -- Container mongo:7.0.8 started in PT1.3446729S

  .   ____          _            __ _ _
 /\\ / ___'_ __ _ _(_)_ __  __ _ \ \ \ \
( ( )\___ | '_ | '_| | '_ \/ _` | \ \ \ \
 \\/  ___)| |_)| | | | | || (_| |  ) ) ) )
  '  |____| .__|_| |_|_| |_\__, | / / / /
 =========|_|==============|___/=/_/_/_/
 :: Spring Boot ::                (v3.2.4)

2024-04-18T18:28:42.719+07:00  INFO 17116 --- [ProductService] [           main] c.n.P.ProductServiceApplicationTests     : Starting ProductServiceApplicationTests using Java 17.0.6 with PID 17116 (started by Admin in D:\FPT_Study\Spring\Microservices\ProgrammingTechie\microservice-new\ProductService)
2024-04-18T18:28:42.720+07:00  INFO 17116 --- [ProductService] [           main] c.n.P.ProductServiceApplicationTests     : No active profile set, falling back to 1 default profile: "default"
2024-04-18T18:28:43.296+07:00  INFO 17116 --- [ProductService] [           main] .s.d.r.c.RepositoryConfigurationDelegate : Bootstrapping Spring Data MongoDB repositories in DEFAULT mode.
2024-04-18T18:28:43.314+07:00  INFO 17116 --- [ProductService] [           main] .s.d.r.c.RepositoryConfigurationDelegate : Finished Spring Data repository scanning in 8 ms. Found 0 MongoDB repository interfaces.
2024-04-18T18:28:43.331+07:00  INFO 17116 --- [ProductService] [           main] .s.d.r.c.RepositoryConfigurationDelegate : Bootstrapping Spring Data MongoDB repositories in DEFAULT mode.
2024-04-18T18:28:43.373+07:00  INFO 17116 --- [ProductService] [           main] .s.d.r.c.RepositoryConfigurationDelegate : Finished Spring Data repository scanning in 41 ms. Found 1 MongoDB repository interface.
2024-04-18T18:28:44.309+07:00  INFO 17116 --- [ProductService] [           main] org.mongodb.driver.client                : MongoClient with metadata {"driver": {"name": "mongo-java-driver|sync|spring-boot", "version": "4.11.1"}, "os": {"type": "Windows", "name": "Windows 10", "architecture": "amd64", "version": "10.0"}, "platform": "Java/Oracle Corporation/17.0.6+9-LTS-190"} created with settings MongoClientSettings{readPreference=primary, writeConcern=WriteConcern{w=null, wTimeout=null ms, journal=null}, retryWrites=true, retryReads=true, readConcern=ReadConcern{level=null}, credential=null, transportSettings=null, streamFactoryFactory=null, commandListeners=[], codecRegistry=ProvidersCodecRegistry{codecProviders=[ValueCodecProvider{}, BsonValueCodecProvider{}, DBRefCodecProvider{}, DBObjectCodecProvider{}, DocumentCodecProvider{}, CollectionCodecProvider{}, IterableCodecProvider{}, MapCodecProvider{}, GeoJsonCodecProvider{}, GridFSFileCodecProvider{}, Jsr310CodecProvider{}, JsonObjectCodecProvider{}, BsonCodecProvider{}, EnumCodecProvider{}, com.mongodb.client.model.mql.ExpressionCodecProvider@46b5f061, com.mongodb.Jep395RecordCodecProvider@3ba3f40d, com.mongodb.KotlinCodecProvider@108b121f]}, loggerSettings=LoggerSettings{maxDocumentLength=1000}, clusterSettings={hosts=[localhost:49229], srvServiceName=mongodb, mode=SINGLE, requiredClusterType=UNKNOWN, requiredReplicaSetName='null', serverSelector='null', clusterListeners='[]', serverSelectionTimeout='30000 ms', localThreshold='15 ms'}, socketSettings=SocketSettings{connectTimeoutMS=10000, readTimeoutMS=0, receiveBufferSize=0, proxySettings=ProxySettings{host=null, port=null, username=null, password=null}}, heartbeatSocketSettings=SocketSettings{connectTimeoutMS=10000, readTimeoutMS=10000, receiveBufferSize=0, proxySettings=ProxySettings{host=null, port=null, username=null, password=null}}, connectionPoolSettings=ConnectionPoolSettings{maxSize=100, minSize=0, maxWaitTimeMS=120000, maxConnectionLifeTimeMS=0, maxConnectionIdleTimeMS=0, maintenanceInitialDelayMS=0, maintenanceFrequencyMS=60000, connectionPoolListeners=[], maxConnecting=2}, serverSettings=ServerSettings{heartbeatFrequencyMS=10000, minHeartbeatFrequencyMS=500, serverListeners='[]', serverMonitorListeners='[]'}, sslSettings=SslSettings{enabled=false, invalidHostNameAllowed=false, context=null}, applicationName='null', compressorList=[], uuidRepresentation=JAVA_LEGACY, serverApi=null, autoEncryptionSettings=null, dnsClient=null, inetAddressResolver=null, contextProvider=null}
2024-04-18T18:28:44.362+07:00  INFO 17116 --- [ProductService] [localhost:49229] org.mongodb.driver.cluster               : Monitor thread successfully connected to server with description ServerDescription{address=localhost:49229, type=REPLICA_SET_PRIMARY, state=CONNECTED, ok=true, minWireVersion=0, maxWireVersion=21, maxDocumentSize=16777216, logicalSessionTimeoutMinutes=30, roundTripTimeNanos=56163000, setName='docker-rs', canonicalAddress=3b6b7f315d82:27017, hosts=[3b6b7f315d82:27017], passives=[], arbiters=[], primary='3b6b7f315d82:27017', tagSet=TagSet{[]}, electionId=7fffffff0000000000000001, setVersion=1, topologyVersion=TopologyVersion{processId=662103e87205c31c2bf99c70, counter=6}, lastWriteDate=Thu Apr 18 18:28:41 ICT 2024, lastUpdateTimeNanos=4483062910800}
2024-04-18T18:28:45.643+07:00  INFO 17116 --- [ProductService] [           main] o.s.b.t.m.w.SpringBootMockServletContext : Initializing Spring TestDispatcherServlet ''
2024-04-18T18:28:45.643+07:00  INFO 17116 --- [ProductService] [           main] o.s.t.web.servlet.TestDispatcherServlet  : Initializing Servlet ''
2024-04-18T18:28:45.648+07:00  INFO 17116 --- [ProductService] [           main] o.s.t.web.servlet.TestDispatcherServlet  : Completed initialization in 1 ms
2024-04-18T18:28:45.685+07:00  INFO 17116 --- [ProductService] [           main] c.n.P.ProductServiceApplicationTests     : Started ProductServiceApplicationTests in 3.24 seconds (process running for 10.419)
2024-04-18T18:28:47.287+07:00  INFO 17116 --- [ProductService] [           main] c.n.P.service.impl.ProductService        : Product is saved 662103ef4f357150114193aa
]]></system-out>
  </testcase>
</testsuite>